[INFO ] 2022-05-17 22:38:10.885 [main] Log - Tests is starting!
[INFO ] 2022-05-17 23:12:09.395 [main] Log - Tests is starting!
[INFO ] 2022-05-17 23:23:11.148 [main] Log - Tests is starting!
[INFO ] 2022-05-17 23:23:22.460 [main] Log - Opening Cubics Website.
[INFO ] 2022-05-17 23:23:27.239 [main] Log - Going to Login Page..
[INFO ] 2022-05-17 23:23:28.398 [main] Log - Opening Cubics Website.
[INFO ] 2022-05-17 23:23:29.879 [main] Log - Going to Login Page..
[INFO ] 2022-05-17 23:23:31.596 [main] Log - Trying to login the N11.
[INFO ] 2022-05-17 23:23:31.815 [main] Log - Verifying login username.
[INFO ] 2022-05-17 23:23:31.877 [main] Log - Verifying login password.
[INFO ] 2022-05-17 23:23:31.938 [main] Log - Tests are ending!
[INFO ] 2022-05-17 23:24:27.160 [main] Log - Tests is starting!
[INFO ] 2022-05-17 23:24:29.801 [main] Log - Opening Cubics Website.
[INFO ] 2022-05-17 23:24:33.324 [main] Log - Going to Login Page..
[INFO ] 2022-05-17 23:24:34.494 [main] Log - Tests are ending!
[INFO ] 2022-05-17 23:28:19.708 [main] Log - Tests is starting!
[INFO ] 2022-05-17 23:28:22.163 [main] Log - Opening Cubics Website.
[INFO ] 2022-05-17 23:28:26.368 [main] Log - Going to Login Page..
[INFO ] 2022-05-17 23:28:27.477 [main] Log - Tests are ending!
[INFO ] 2022-05-17 23:29:55.215 [main] Log - Tests is starting!
[INFO ] 2022-05-17 23:29:57.706 [main] Log - Opening Cubics Website.
[INFO ] 2022-05-17 23:30:01.479 [main] Log - Going to Login Page..
[INFO ] 2022-05-17 23:30:02.570 [main] Log - Tests are ending!
[INFO ] 2022-05-17 23:33:43.771 [main] Log - Tests is starting!
[INFO ] 2022-05-17 23:33:46.500 [main] Log - Opening Cubics Website.
[INFO ] 2022-05-17 23:33:50.317 [main] Log - Going to Login Page..
[INFO ] 2022-05-17 23:33:51.433 [main] Log - Tests are ending!
[INFO ] 2022-05-17 23:46:13.762 [main] Log - Tests is starting!
[INFO ] 2022-05-17 23:46:16.772 [main] Log - Opening Cubics Website.
[INFO ] 2022-05-17 23:46:25.846 [main] Log - Going to Login Page..
[INFO ] 2022-05-17 23:46:36.173 [main] Log - Tests are ending!
[INFO ] 2022-05-17 23:47:33.629 [main] Log - Tests is starting!
[INFO ] 2022-05-17 23:47:36.284 [main] Log - Opening Cubics Website.
[INFO ] 2022-05-17 23:47:41.936 [main] Log - Going to Login Page..
[INFO ] 2022-05-17 23:47:45.782 [main] Log - Trying to login the Cubics.
[INFO ] 2022-05-17 23:47:47.954 [main] Log - Verifying javascript login errors.
[INFO ] 2022-05-17 23:47:48.011 [main] Log - Tests are ending!
[INFO ] 2022-05-17 23:52:51.620 [main] Log - Tests is starting!
[INFO ] 2022-05-17 23:52:54.607 [main] Log - Opening Cubics Website.
[INFO ] 2022-05-17 23:53:00.142 [main] Log - Going to Login Page..
[INFO ] 2022-05-17 23:53:02.771 [main] Log - Trying to login the Cubics.
[INFO ] 2022-05-17 23:53:04.379 [main] Log - Verifying javascript login errors.
[INFO ] 2022-05-17 23:53:04.437 [main] Log - Opening Cubics Website.
[INFO ] 2022-05-17 23:53:05.707 [main] Log - Going to Login Page..
[INFO ] 2022-05-17 23:53:16.005 [main] Log - Tests are ending!
[INFO ] 2022-05-17 23:59:28.675 [main] Log - Tests is starting!
[INFO ] 2022-05-17 23:59:31.324 [main] Log - Opening Cubics Website.
[INFO ] 2022-05-17 23:59:36.047 [main] Log - Going to Login Page..
[INFO ] 2022-05-17 23:59:39.906 [main] Log - Trying to login the Cubics.
[INFO ] 2022-05-17 23:59:40.071 [main] Log - Verifying login username.
[INFO ] 2022-05-17 23:59:40.156 [main] Log - Verifying login password.
[INFO ] 2022-05-17 23:59:40.212 [main] Log - Tests are ending!
